<?xml version="1.0" encoding="UTF-8"?>
<testsuite xmlns:xsi="http://www.w3.org/2001/XMLSchema-instance" xsi:noNamespaceSchemaLocation="https://maven.apache.org/surefire/maven-surefire-plugin/xsd/surefire-test-report.xsd" name="TestSuite" time="1.531" tests="9" errors="0" skipped="4" failures="5">
  <properties>
[...]
</properties>
  <testcase name="submitOrder" classname="Accolite.tests.SubmitOrderTest" time="0">
    <skipped message="java.io.FileNotFoundException: File &apos;C:\Users\vamsi.krishna\eclipse-workspace\SeleniumFramWorkDesign-maven\src\test\java\rahulshettyacademy\data\PurchaseOrder.json&apos; does not exist"/>
    <system-err><![CDATA[[Utils] [ERROR] [Error] java.io.FileNotFoundException: File &apos;C:\Users\vamsi.krishna\eclipse-workspace\SeleniumFramWorkDesign-maven\src\test\java\rahulshettyacademy\data\PurchaseOrder.json&apos; does not exist
	at org.apache.commons.io.FileUtils.openInputStream(FileUtils.java:297)
	at org.apache.commons.io.FileUtils.readFileToString(FileUtils.java:1805)
	at Accolite.TestComponents.BaseTest.getJsonDataToMap(BaseTest.java:81)
	at Accolite.tests.SubmitOrderTest.getData(SubmitOrderTest.java:81)
	at java.base/jdk.internal.reflect.NativeMethodAccessorImpl.invoke0(Native Method)
	at java.base/jdk.internal.reflect.NativeMethodAccessorImpl.invoke(NativeMethodAccessorImpl.java:64)
	at java.base/jdk.internal.reflect.DelegatingMethodAccessorImpl.invoke(DelegatingMethodAccessorImpl.java:43)
	at java.base/java.lang.reflect.Method.invoke(Method.java:564)
	at org.testng.internal.MethodInvocationHelper.invokeMethod(MethodInvocationHelper.java:124)
	at org.testng.internal.MethodInvocationHelper.invokeMethod(MethodInvocationHelper.java:74)
	at org.testng.internal.MethodInvocationHelper.invokeMethodNoCheckedException(MethodInvocationHelper.java:45)
	at org.testng.internal.MethodInvocationHelper.invokeDataProvider(MethodInvocationHelper.java:131)
	at org.testng.internal.Parameters.handleParameters(Parameters.java:706)
	at org.testng.internal.ParameterHandler.handleParameters(ParameterHandler.java:49)
	at org.testng.internal.ParameterHandler.createParameters(ParameterHandler.java:37)
	at org.testng.internal.Invoker.invokeTestMethods(Invoker.java:924)
	at org.testng.internal.TestMethodWorker.invokeTestMethods(TestMethodWorker.java:125)
	at org.testng.internal.TestMethodWorker.run(TestMethodWorker.java:109)
	at org.testng.TestRunner.privateRun(TestRunner.java:648)
	at org.testng.TestRunner.run(TestRunner.java:505)
	at org.testng.SuiteRunner.runTest(SuiteRunner.java:455)
	at org.testng.SuiteRunner.runSequentially(SuiteRunner.java:450)
	at org.testng.SuiteRunner.privateRun(SuiteRunner.java:415)
	at org.testng.SuiteRunner.run(SuiteRunner.java:364)
	at org.testng.SuiteRunnerWorker.runSuite(SuiteRunnerWorker.java:52)
	at org.testng.SuiteRunnerWorker.run(SuiteRunnerWorker.java:84)
	at org.testng.TestNG.runSuitesSequentially(TestNG.java:1208)
	at org.testng.TestNG.runSuitesLocally(TestNG.java:1137)
	at org.testng.TestNG.runSuites(TestNG.java:1049)
	at org.testng.TestNG.run(TestNG.java:1017)
	at org.apache.maven.surefire.testng.TestNGExecutor.run(TestNGExecutor.java:135)
	at org.apache.maven.surefire.testng.TestNGDirectoryTestSuite.executeMulti(TestNGDirectoryTestSuite.java:193)
	at org.apache.maven.surefire.testng.TestNGDirectoryTestSuite.execute(TestNGDirectoryTestSuite.java:94)
	at org.apache.maven.surefire.testng.TestNGProvider.invoke(TestNGProvider.java:146)
	at org.apache.maven.surefire.booter.ForkedBooter.invokeProviderInSameClassLoader(ForkedBooter.java:384)
	at org.apache.maven.surefire.booter.ForkedBooter.runSuitesInProcess(ForkedBooter.java:345)
	at org.apache.maven.surefire.booter.ForkedBooter.execute(ForkedBooter.java:126)
	at org.apache.maven.surefire.booter.ForkedBooter.main(ForkedBooter.java:418)

]]></system-err>
  </testcase>
  <testcase name="launchApplication" classname="Accolite.tests.ErrorValidationsTest" time="0.418">
    <failure message="C:\Users\vamsi.krishna\eclipse-workspace\SeleniumFramWorkDesign-maven\src\main\java\rahulshettyacademy\resources\GlobalData.properties (The system cannot find the path specified)" type="java.io.FileNotFoundException">java.io.FileNotFoundException: C:\Users\vamsi.krishna\eclipse-workspace\SeleniumFramWorkDesign-maven\src\main\java\rahulshettyacademy\resources\GlobalData.properties (The system cannot find the path specified)
</failure>
  </testcase>
  <testcase name="launchApplication" classname="Accolite.tests.ErrorValidationsTest" time="0.42">
    <failure message="C:\Users\vamsi.krishna\eclipse-workspace\SeleniumFramWorkDesign-maven\src\main\java\rahulshettyacademy\resources\GlobalData.properties (The system cannot find the path specified)" type="java.io.FileNotFoundException">java.io.FileNotFoundException: C:\Users\vamsi.krishna\eclipse-workspace\SeleniumFramWorkDesign-maven\src\main\java\rahulshettyacademy\resources\GlobalData.properties (The system cannot find the path specified)
</failure>
  </testcase>
  <testcase name="LoginErrorValidation" classname="Accolite.tests.ErrorValidationsTest" time="0">
    <skipped message="C:\Users\vamsi.krishna\eclipse-workspace\SeleniumFramWorkDesign-maven\src\main\java\rahulshettyacademy\resources\GlobalData.properties (The system cannot find the path specified)"/>
  </testcase>
  <testcase name="tearDown" classname="Accolite.tests.ErrorValidationsTest" time="0.419">
    <failure message="Cannot invoke &quot;org.openqa.selenium.WebDriver.close()&quot; because &quot;this.driver&quot; is null" type="java.lang.NullPointerException">java.lang.NullPointerException: Cannot invoke "org.openqa.selenium.WebDriver.close()" because "this.driver" is null
</failure>
  </testcase>
  <testcase name="tearDown" classname="Accolite.tests.ErrorValidationsTest" time="0.42">
    <failure message="Cannot invoke &quot;org.openqa.selenium.WebDriver.close()&quot; because &quot;this.driver&quot; is null" type="java.lang.NullPointerException">java.lang.NullPointerException: Cannot invoke "org.openqa.selenium.WebDriver.close()" because "this.driver" is null
</failure>
  </testcase>
  <testcase name="ProductErrorValidation" classname="Accolite.tests.ErrorValidationsTest" time="0">
    <skipped message="C:\Users\vamsi.krishna\eclipse-workspace\SeleniumFramWorkDesign-maven\src\main\java\rahulshettyacademy\resources\GlobalData.properties (The system cannot find the path specified)"/>
  </testcase>
  <testcase name="OrderHistoryTest" classname="Accolite.tests.SubmitOrderTest" time="0">
    <skipped message="Method SubmitOrderTest.OrderHistoryTest()[pri:0, instance:Accolite.tests.SubmitOrderTest@6ed3ccb2] depends on not successfully finished methods"/>
  </testcase>
  <testcase name="runScenario" classname="cucumber.TestNGTestRunner" time="0.125">
    <failure message="The step &apos;I landed on Ecommerce Page&apos; and 4 other step(s) are undefined.&#10;You can implement these steps using the snippet(s) below:&#10;&#10;@Given(&quot;I landed on Ecommerce Page&quot;)&#10;public void i_landed_on_ecommerce_page() {&#10;    // Write code here that turns the phrase above into concrete actions&#10;    throw new io.cucumber.java.PendingException();&#10;}&#10;@Given(&quot;Logged in with username rahulshetty@gmail.com and password Iamking@{int}&quot;)&#10;public void logged_in_with_username_rahulshetty_gmail_com_and_password_iamking(Integer int1) {&#10;    // Write code here that turns the phrase above into concrete actions&#10;    throw new io.cucumber.java.PendingException();&#10;}&#10;@When(&quot;I add product ZARA COAT {int} to Cart&quot;)&#10;public void i_add_product_zara_coat_to_cart(Integer int1) {&#10;    // Write code here that turns the phrase above into concrete actions&#10;    throw new io.cucumber.java.PendingException();&#10;}&#10;@When(&quot;Checkout ZARA COAT {int} and submit the order&quot;)&#10;public void checkout_zara_coat_and_submit_the_order(Integer int1) {&#10;    // Write code here that turns the phrase above into concrete actions&#10;    throw new io.cucumber.java.PendingException();&#10;}&#10;@Then(&quot;{string} message is displayed on ConfirmationPage&quot;)&#10;public void message_is_displayed_on_confirmation_page(String string) {&#10;    // Write code here that turns the phrase above into concrete actions&#10;    throw new io.cucumber.java.PendingException();&#10;}&#10;" type="io.cucumber.testng.UndefinedStepException">io.cucumber.testng.UndefinedStepException: 
The step 'I landed on Ecommerce Page' and 4 other step(s) are undefined.
You can implement these steps using the snippet(s) below:

@Given("I landed on Ecommerce Page")
public void i_landed_on_ecommerce_page() {
    // Write code here that turns the phrase above into concrete actions
    throw new io.cucumber.java.PendingException();
}
@Given("Logged in with username rahulshetty@gmail.com and password Iamking@{int}")
public void logged_in_with_username_rahulshetty_gmail_com_and_password_iamking(Integer int1) {
    // Write code here that turns the phrase above into concrete actions
    throw new io.cucumber.java.PendingException();
}
@When("I add product ZARA COAT {int} to Cart")
public void i_add_product_zara_coat_to_cart(Integer int1) {
    // Write code here that turns the phrase above into concrete actions
    throw new io.cucumber.java.PendingException();
}
@When("Checkout ZARA COAT {int} and submit the order")
public void checkout_zara_coat_and_submit_the_order(Integer int1) {
    // Write code here that turns the phrase above into concrete actions
    throw new io.cucumber.java.PendingException();
}
@Then("{string} message is displayed on ConfirmationPage")
public void message_is_displayed_on_confirmation_page(String string) {
    // Write code here that turns the phrase above into concrete actions
    throw new io.cucumber.java.PendingException();
}

</failure>
  </testcase>
</testsuite>