<?xml version="1.0" encoding="UTF-8"?>
<testng-results ignored="0" total="1" passed="1" failed="0" skipped="0">
  <reporter-output>
  </reporter-output>
  <suite started-at="2024-07-08T17:05:07 IST" name="Default suite" finished-at="2024-07-08T17:05:07 IST" duration-ms="54">
    <groups>
    </groups>
    <test started-at="2024-07-08T17:05:07 IST" name="Default test" finished-at="2024-07-08T17:05:07 IST" duration-ms="54">
      <class name="Accolite.Insite.NewTest">
        <test-method signature="f()[pri:0, instance:Accolite.Insite.NewTest@23e84203]" started-at="2024-07-08T17:05:07 IST" name="f" finished-at="2024-07-08T17:05:07 IST" duration-ms="7" status="PASS">
          <reporter-output>
          </reporter-output>
        </test-method> <!-- f -->
      </class> <!-- Accolite.Insite.NewTest -->
    </test> <!-- Default test -->
  </suite> <!-- Default suite -->
</testng-results>
